# JRE version: OpenJDK Runtime Environment (17.0.11) (build 17.0.11+0-17.0.11b1207.24-11852314)
# Java VM: OpenJDK 64-Bit Server VM (17.0.11+0-17.0.11b1207.24-11852314, mixed mode, tiered, compressed oops, compressed class ptrs, g1 gc, bsd-amd64)
GC Precious Log:
 CPUs: 12 total, 12 available
 Memory: 32768M
 Large Page Support: Disabled
 NUMA Support: Disabled
 Compressed Oops: Enabled (Zero based)
 Heap Region Size: 1M
 Heap Min Capacity: 8M
 Heap Initial Capacity: 512M
 Heap Max Capacity: 2G
 Pre-touch: Disabled
 Parallel Workers: 10
 Concurrent Workers: 3
 Concurrent Refinement Workers: 10
 Periodic GC: Disabled
Heap:
 garbage-first heap   total 445440K, used 267609K [0x0000000780000000, 0x0000000800000000)
  region size 1024K, 9 young (9216K), 2 survivors (2048K)
 Metaspace       used 197677K, committed 198912K, reserved 1245184K
  class space    used 26185K, committed 26816K, reserved 1048576K
GC Heap History (20 events):
Event: 26.178 GC heap before
{Heap before GC invocations=58 (full 0):
 garbage-first heap   total 312320K, used 268726K [0x0000000780000000, 0x0000000800000000)
  region size 1024K, 56 young (57344K), 6 survivors (6144K)
 Metaspace       used 186099K, committed 187072K, reserved 1245184K
  class space    used 24989K, committed 25472K, reserved 1048576K
}
Event: 26.184 GC heap after
{Heap after GC invocations=59 (full 0):
 garbage-first heap   total 312320K, used 220267K [0x0000000780000000, 0x0000000800000000)
  region size 1024K, 6 young (6144K), 6 survivors (6144K)
 Metaspace       used 186099K, committed 187072K, reserved 1245184K
  class space    used 24989K, committed 25472K, reserved 1048576K
}
Event: 26.508 GC heap before
{Heap before GC invocations=59 (full 0):
 garbage-first heap   total 312320K, used 268395K [0x0000000780000000, 0x0000000800000000)
  region size 1024K, 53 young (54272K), 6 survivors (6144K)
 Metaspace       used 186689K, committed 187648K, reserved 1245184K
  class space    used 25025K, committed 25472K, reserved 1048576K
}
Event: 26.514 GC heap after
{Heap after GC invocations=60 (full 0):
 garbage-first heap   total 312320K, used 225514K [0x0000000780000000, 0x0000000800000000)
  region size 1024K, 7 young (7168K), 7 survivors (7168K)
 Metaspace       used 186689K, committed 187648K, reserved 1245184K
  class space    used 25025K, committed 25472K, reserved 1048576K
}
Event: 26.865 GC heap before
{Heap before GC invocations=60 (full 0):
 garbage-first heap   total 312320K, used 266474K [0x0000000780000000, 0x0000000800000000)
  region size 1024K, 48 young (49152K), 7 survivors (7168K)
 Metaspace       used 187828K, committed 188800K, reserved 1245184K
  class space    used 25151K, committed 25600K, reserved 1048576K
}
Event: 26.872 GC heap after
{Heap after GC invocations=61 (full 0):
 garbage-first heap   total 312320K, used 230521K [0x0000000780000000, 0x0000000800000000)
  region size 1024K, 6 young (6144K), 6 survivors (6144K)
 Metaspace       used 187828K, committed 188800K, reserved 1245184K
  class space    used 25151K, committed 25600K, reserved 1048576K
}
Event: 27.351 GC heap before
{Heap before GC invocations=61 (full 0):
 garbage-first heap   total 312320K, used 267385K [0x0000000780000000, 0x0000000800000000)
  region size 1024K, 42 young (43008K), 6 survivors (6144K)
 Metaspace       used 190208K, committed 191168K, reserved 1245184K
  class space    used 25436K, committed 25920K, reserved 1048576K
}
Event: 27.357 GC heap after
{Heap after GC invocations=62 (full 0):
 garbage-first heap   total 312320K, used 234722K [0x0000000780000000, 0x0000000800000000)
  region size 1024K, 5 young (5120K), 5 survivors (5120K)
 Metaspace       used 190208K, committed 191168K, reserved 1245184K
  class space    used 25436K, committed 25920K, reserved 1048576K
}
Event: 28.438 GC heap before
{Heap before GC invocations=62 (full 0):
 garbage-first heap   total 312320K, used 265442K [0x0000000780000000, 0x0000000800000000)
  region size 1024K, 36 young (36864K), 5 survivors (5120K)
 Metaspace       used 192524K, committed 193600K, reserved 1245184K
  class space    used 25700K, committed 26240K, reserved 1048576K
}
Event: 28.442 GC heap after
{Heap after GC invocations=63 (full 0):
 garbage-first heap   total 312320K, used 236541K [0x0000000780000000, 0x0000000800000000)
  region size 1024K, 2 young (2048K), 2 survivors (2048K)
 Metaspace       used 192524K, committed 193600K, reserved 1245184K
  class space    used 25700K, committed 26240K, reserved 1048576K
}
Event: 28.641 GC heap before
{Heap before GC invocations=63 (full 0):
 garbage-first heap   total 312320K, used 268284K [0x0000000780000000, 0x0000000800000000)
  region size 1024K, 34 young (34816K), 2 survivors (2048K)
 Metaspace       used 195839K, committed 196928K, reserved 1245184K
  class space    used 26033K, committed 26560K, reserved 1048576K
}
Event: 28.645 GC heap after
{Heap after GC invocations=64 (full 0):
 garbage-first heap   total 312320K, used 236541K [0x0000000780000000, 0x0000000800000000)
  region size 1024K, 2 young (2048K), 2 survivors (2048K)
 Metaspace       used 195839K, committed 196928K, reserved 1245184K
  class space    used 26033K, committed 26560K, reserved 1048576K
}
Event: 511.859 GC heap before
{Heap before GC invocations=64 (full 0):
 garbage-first heap   total 312320K, used 269309K [0x0000000780000000, 0x0000000800000000)
  region size 1024K, 35 young (35840K), 2 survivors (2048K)
 Metaspace       used 196856K, committed 198016K, reserved 1245184K
  class space    used 26112K, committed 26688K, reserved 1048576K
}
Event: 511.862 GC heap after
{Heap after GC invocations=65 (full 0):
 garbage-first heap   total 312320K, used 240294K [0x0000000780000000, 0x0000000800000000)
  region size 1024K, 5 young (5120K), 5 survivors (5120K)
 Metaspace       used 196856K, committed 198016K, reserved 1245184K
  class space    used 26112K, committed 26688K, reserved 1048576K
}
Event: 512.304 GC heap before
{Heap before GC invocations=65 (full 0):
 garbage-first heap   total 312320K, used 277158K [0x0000000780000000, 0x0000000800000000)
  region size 1024K, 34 young (34816K), 5 survivors (5120K)
 Metaspace       used 197624K, committed 198784K, reserved 1245184K
  class space    used 26182K, committed 26752K, reserved 1048576K
}
Event: 512.309 GC heap after
{Heap after GC invocations=66 (full 0):
 garbage-first heap   total 312320K, used 252234K [0x0000000780000000, 0x0000000800000000)
  region size 1024K, 5 young (5120K), 5 survivors (5120K)
 Metaspace       used 197624K, committed 198784K, reserved 1245184K
  class space    used 26182K, committed 26752K, reserved 1048576K
}
Event: 512.388 GC heap before
{Heap before GC invocations=66 (full 0):
 garbage-first heap   total 312320K, used 271690K [0x0000000780000000, 0x0000000800000000)
  region size 1024K, 24 young (24576K), 5 survivors (5120K)
 Metaspace       used 197628K, committed 198784K, reserved 1245184K
  class space    used 26182K, committed 26752K, reserved 1048576K
}
Event: 512.394 GC heap after
{Heap after GC invocations=67 (full 0):
 garbage-first heap   total 312320K, used 257928K [0x0000000780000000, 0x0000000800000000)
  region size 1024K, 3 young (3072K), 3 survivors (3072K)
 Metaspace       used 197628K, committed 198784K, reserved 1245184K
  class space    used 26182K, committed 26752K, reserved 1048576K
}
Event: 512.459 GC heap before
{Heap before GC invocations=67 (full 0):
 garbage-first heap   total 312320K, used 278408K [0x0000000780000000, 0x0000000800000000)
  region size 1024K, 16 young (16384K), 3 survivors (3072K)
 Metaspace       used 197658K, committed 198784K, reserved 1245184K
  class space    used 26182K, committed 26752K, reserved 1048576K
}
Event: 512.463 GC heap after
{Heap after GC invocations=68 (full 0):
 garbage-first heap   total 312320K, used 261465K [0x0000000780000000, 0x0000000800000000)
  region size 1024K, 2 young (2048K), 2 survivors (2048K)
 Metaspace       used 197658K, committed 198784K, reserved 1245184K
  class space    used 26182K, committed 26752K, reserved 1048576K
}

