# JRE version: OpenJDK Runtime Environment (17.0.11) (build 17.0.11+0-17.0.11b1207.24-11852314)
# Java VM: OpenJDK 64-Bit Server VM (17.0.11+0-17.0.11b1207.24-11852314, mixed mode, tiered, compressed oops, compressed class ptrs, g1 gc, bsd-amd64)
GC Precious Log:
 CPUs: 12 total, 12 available
 Memory: 32768M
 Large Page Support: Disabled
 NUMA Support: Disabled
 Compressed Oops: Enabled (Zero based)
 Heap Region Size: 1M
 Heap Min Capacity: 8M
 Heap Initial Capacity: 512M
 Heap Max Capacity: 2G
 Pre-touch: Disabled
 Parallel Workers: 10
 Concurrent Workers: 3
 Concurrent Refinement Workers: 10
 Periodic GC: Disabled
Heap:
 garbage-first heap   total 222208K, used 144966K [0x0000000780000000, 0x0000000800000000)
  region size 1024K, 40 young (40960K), 8 survivors (8192K)
 Metaspace       used 104256K, committed 105024K, reserved 1179648K
  class space    used 14860K, committed 15232K, reserved 1048576K
GC Heap History (20 events):
Event: 6.963 GC heap before
{Heap before GC invocations=11 (full 0):
 garbage-first heap   total 296960K, used 134061K [0x0000000780000000, 0x0000000800000000)
  region size 1024K, 94 young (96256K), 15 survivors (15360K)
 Metaspace       used 59768K, committed 60288K, reserved 1114112K
  class space    used 8504K, committed 8768K, reserved 1048576K
}
Event: 6.972 GC heap after
{Heap after GC invocations=12 (full 0):
 garbage-first heap   total 296960K, used 63210K [0x0000000780000000, 0x0000000800000000)
  region size 1024K, 11 young (11264K), 11 survivors (11264K)
 Metaspace       used 59768K, committed 60288K, reserved 1114112K
  class space    used 8504K, committed 8768K, reserved 1048576K
}
Event: 8.257 GC heap before
{Heap before GC invocations=13 (full 0):
 garbage-first heap   total 222208K, used 186090K [0x0000000780000000, 0x0000000800000000)
  region size 1024K, 127 young (130048K), 11 survivors (11264K)
 Metaspace       used 69986K, committed 70656K, reserved 1114112K
  class space    used 9844K, committed 10176K, reserved 1048576K
}
Event: 8.268 GC heap after
{Heap after GC invocations=14 (full 0):
 garbage-first heap   total 222208K, used 71326K [0x0000000780000000, 0x0000000800000000)
  region size 1024K, 18 young (18432K), 18 survivors (18432K)
 Metaspace       used 69986K, committed 70656K, reserved 1114112K
  class space    used 9844K, committed 10176K, reserved 1048576K
}
Event: 9.341 GC heap before
{Heap before GC invocations=14 (full 0):
 garbage-first heap   total 222208K, used 171678K [0x0000000780000000, 0x0000000800000000)
  region size 1024K, 112 young (114688K), 18 survivors (18432K)
 Metaspace       used 78831K, committed 79488K, reserved 1179648K
  class space    used 11116K, committed 11456K, reserved 1048576K
}
Event: 9.352 GC heap after
{Heap after GC invocations=15 (full 0):
 garbage-first heap   total 222208K, used 81364K [0x0000000780000000, 0x0000000800000000)
  region size 1024K, 7 young (7168K), 7 survivors (7168K)
 Metaspace       used 78831K, committed 79488K, reserved 1179648K
  class space    used 11116K, committed 11456K, reserved 1048576K
}
Event: 10.109 GC heap before
{Heap before GC invocations=15 (full 0):
 garbage-first heap   total 222208K, used 171476K [0x0000000780000000, 0x0000000800000000)
  region size 1024K, 95 young (97280K), 7 survivors (7168K)
 Metaspace       used 83177K, committed 83840K, reserved 1179648K
  class space    used 11712K, committed 12032K, reserved 1048576K
}
Event: 10.116 GC heap after
{Heap after GC invocations=16 (full 0):
 garbage-first heap   total 222208K, used 86011K [0x0000000780000000, 0x0000000800000000)
  region size 1024K, 11 young (11264K), 11 survivors (11264K)
 Metaspace       used 83177K, committed 83840K, reserved 1179648K
  class space    used 11712K, committed 12032K, reserved 1048576K
}
Event: 10.987 GC heap before
{Heap before GC invocations=16 (full 0):
 garbage-first heap   total 222208K, used 174075K [0x0000000780000000, 0x0000000800000000)
  region size 1024K, 97 young (99328K), 11 survivors (11264K)
 Metaspace       used 89307K, committed 89984K, reserved 1179648K
  class space    used 12801K, committed 13184K, reserved 1048576K
}
Event: 10.995 GC heap after
{Heap after GC invocations=17 (full 0):
 garbage-first heap   total 222208K, used 89712K [0x0000000780000000, 0x0000000800000000)
  region size 1024K, 10 young (10240K), 10 survivors (10240K)
 Metaspace       used 89307K, committed 89984K, reserved 1179648K
  class space    used 12801K, committed 13184K, reserved 1048576K
}
Event: 12.009 GC heap before
{Heap before GC invocations=17 (full 0):
 garbage-first heap   total 222208K, used 176752K [0x0000000780000000, 0x0000000800000000)
  region size 1024K, 95 young (97280K), 10 survivors (10240K)
 Metaspace       used 96675K, committed 97344K, reserved 1179648K
  class space    used 13871K, committed 14208K, reserved 1048576K
}
Event: 12.016 GC heap after
{Heap after GC invocations=18 (full 0):
 garbage-first heap   total 222208K, used 94921K [0x0000000780000000, 0x0000000800000000)
  region size 1024K, 9 young (9216K), 9 survivors (9216K)
 Metaspace       used 96675K, committed 97344K, reserved 1179648K
  class space    used 13871K, committed 14208K, reserved 1048576K
}
Event: 12.464 GC heap before
{Heap before GC invocations=18 (full 0):
 garbage-first heap   total 222208K, used 147145K [0x0000000780000000, 0x0000000800000000)
  region size 1024K, 57 young (58368K), 9 survivors (9216K)
 Metaspace       used 100093K, committed 100736K, reserved 1179648K
  class space    used 14208K, committed 14528K, reserved 1048576K
}
Event: 12.472 GC heap after
{Heap after GC invocations=19 (full 0):
 garbage-first heap   total 222208K, used 101043K [0x0000000780000000, 0x0000000800000000)
  region size 1024K, 11 young (11264K), 11 survivors (11264K)
 Metaspace       used 100093K, committed 100736K, reserved 1179648K
  class space    used 14208K, committed 14528K, reserved 1048576K
}
Event: 12.948 GC heap before
{Heap before GC invocations=20 (full 0):
 garbage-first heap   total 222208K, used 176819K [0x0000000780000000, 0x0000000800000000)
  region size 1024K, 86 young (88064K), 11 survivors (11264K)
 Metaspace       used 102065K, committed 102848K, reserved 1179648K
  class space    used 14540K, committed 14912K, reserved 1048576K
}
Event: 12.957 GC heap after
{Heap after GC invocations=21 (full 0):
 garbage-first heap   total 222208K, used 106504K [0x0000000780000000, 0x0000000800000000)
  region size 1024K, 11 young (11264K), 11 survivors (11264K)
 Metaspace       used 102065K, committed 102848K, reserved 1179648K
  class space    used 14540K, committed 14912K, reserved 1048576K
}
Event: 12.969 GC heap before
{Heap before GC invocations=21 (full 0):
 garbage-first heap   total 222208K, used 107528K [0x0000000780000000, 0x0000000800000000)
  region size 1024K, 12 young (12288K), 11 survivors (11264K)
 Metaspace       used 102167K, committed 102912K, reserved 1179648K
  class space    used 14568K, committed 14912K, reserved 1048576K
}
Event: 12.976 GC heap after
{Heap after GC invocations=22 (full 0):
 garbage-first heap   total 222208K, used 108854K [0x0000000780000000, 0x0000000800000000)
  region size 1024K, 2 young (2048K), 2 survivors (2048K)
 Metaspace       used 102167K, committed 102912K, reserved 1179648K
  class space    used 14568K, committed 14912K, reserved 1048576K
}
Event: 13.489 GC heap before
{Heap before GC invocations=22 (full 0):
 garbage-first heap   total 222208K, used 178486K [0x0000000780000000, 0x0000000800000000)
  region size 1024K, 71 young (72704K), 2 survivors (2048K)
 Metaspace       used 103926K, committed 104704K, reserved 1179648K
  class space    used 14812K, committed 15232K, reserved 1048576K
}
Event: 13.495 GC heap after
{Heap after GC invocations=23 (full 0):
 garbage-first heap   total 222208K, used 114246K [0x0000000780000000, 0x0000000800000000)
  region size 1024K, 8 young (8192K), 8 survivors (8192K)
 Metaspace       used 103926K, committed 104704K, reserved 1179648K
  class space    used 14812K, committed 15232K, reserved 1048576K
}

